<?xml version="1.0" encoding="UTF-8"?>
<TestRun id="59d5fada-5a78-45cb-9ea2-8682bef174d9" name="ParhamY@LAPTOP3 2015-07-27 06:08:12" runUser="ALBORZ\ParhamY" xmlns="http://microsoft.com/schemas/VisualStudio/TeamTest/2010">
  <TestSettings name="Local" id="f2d593d6-4981-4878-a9ea-b367304a7f06">
    <Description>These are default test settings for a local test run.</Description>
    <Deployment enabled="false" runDeploymentRoot="ParhamY_LAPTOP3 2015-07-27 06_08_12">
      <DeploymentItem filename="C:\Users\ParhamY\Documents\Job_Search\BestBuy_Assignment\CoinJar\bin\CoinJar.dll" />
    </Deployment>
    <Execution>
      <TestTypeSpecific />
      <AgentRule name="Execution Agents">
      </AgentRule>
    </Execution>
  </TestSettings>
  <Times creation="2015-07-27T06:08:12.3465405-07:00" queuing="2015-07-27T06:08:15.5037211-07:00" start="2015-07-27T06:08:15.6827314-07:00" finish="2015-07-27T06:08:19.8879719-07:00" />
  <ResultSummary outcome="Completed">
    <Counters total="5" executed="5" passed="5" error="0" failed="0" timeout="0" aborted="0" inconclusive="0" passedButRunAborted="0" notRunnable="0" notExecuted="0" disconnected="0" warning="0" completed="0" inProgress="0" pending="0" />
  </ResultSummary>
  <TestDefinitions>
    <UnitTest name="CreateANewUSCoin" storage="c:\users\parhamy\documents\job_search\bestbuy_assignment\coinjartest\bin\debug\coinjartest.dll" id="b6365fc0-90ec-cd03-9b8b-e1ca87379a50">
      <Execution id="ba6362f1-5396-4659-b7c7-3ab6a55b2361" />
      <TestMethod codeBase="C:/Users/ParhamY/Documents/Job_Search/BestBuy_Assignment/CoinJarTest/bin/Debug/CoinJarTest.DLL" adapterTypeName="Microsoft.VisualStudio.TestTools.TestTypes.Unit.UnitTestAdapter, Microsoft.VisualStudio.QualityTools.Tips.UnitTest.Adapter, Version=10.0.0.0, Culture=neutral, PublicKeyToken=b03f5f7f11d50a3a" className="CoinJarTest.UnitTest, CoinJarTest, Version=1.0.0.0, Culture=neutral, PublicKeyToken=null" name="CreateANewUSCoin" />
    </UnitTest>
    <UnitTest name="CreateListOfCoins" storage="c:\users\parhamy\documents\job_search\bestbuy_assignment\coinjartest\bin\debug\coinjartest.dll" id="70da71f8-3699-dd7b-7c94-f7593451ca46">
      <Execution id="0efb2198-0176-4d75-b395-7bc577c7e6a3" />
      <TestMethod codeBase="C:/Users/ParhamY/Documents/Job_Search/BestBuy_Assignment/CoinJarTest/bin/Debug/CoinJarTest.DLL" adapterTypeName="Microsoft.VisualStudio.TestTools.TestTypes.Unit.UnitTestAdapter, Microsoft.VisualStudio.QualityTools.Tips.UnitTest.Adapter, Version=10.0.0.0, Culture=neutral, PublicKeyToken=b03f5f7f11d50a3a" className="CoinJarTest.UnitTest, CoinJarTest, Version=1.0.0.0, Culture=neutral, PublicKeyToken=null" name="CreateListOfCoins" />
    </UnitTest>
    <UnitTest name="AddOverflowCoin" storage="c:\users\parhamy\documents\job_search\bestbuy_assignment\coinjartest\bin\debug\coinjartest.dll" id="6067e9fe-9137-9320-a850-eeb7a29985b7">
      <Execution id="517e9c34-a6df-4ba4-b7ba-f94bb4cb5ad4" />
      <TestMethod codeBase="C:/Users/ParhamY/Documents/Job_Search/BestBuy_Assignment/CoinJarTest/bin/Debug/CoinJarTest.DLL" adapterTypeName="Microsoft.VisualStudio.TestTools.TestTypes.Unit.UnitTestAdapter, Microsoft.VisualStudio.QualityTools.Tips.UnitTest.Adapter, Version=10.0.0.0, Culture=neutral, PublicKeyToken=b03f5f7f11d50a3a" className="CoinJarTest.UnitTest, CoinJarTest, Version=1.0.0.0, Culture=neutral, PublicKeyToken=null" name="AddOverflowCoin" />
    </UnitTest>
    <UnitTest name="ResetACoinJar" storage="c:\users\parhamy\documents\job_search\bestbuy_assignment\coinjartest\bin\debug\coinjartest.dll" id="fdab0070-46c5-3838-6e89-3169a59b9c6d">
      <Execution id="18e1252e-a39f-4870-80a7-458163263d14" />
      <TestMethod codeBase="C:/Users/ParhamY/Documents/Job_Search/BestBuy_Assignment/CoinJarTest/bin/Debug/CoinJarTest.DLL" adapterTypeName="Microsoft.VisualStudio.TestTools.TestTypes.Unit.UnitTestAdapter, Microsoft.VisualStudio.QualityTools.Tips.UnitTest.Adapter, Version=10.0.0.0, Culture=neutral, PublicKeyToken=b03f5f7f11d50a3a" className="CoinJarTest.UnitTest, CoinJarTest, Version=1.0.0.0, Culture=neutral, PublicKeyToken=null" name="ResetACoinJar" />
    </UnitTest>
    <UnitTest name="AddCoinToJar" storage="c:\users\parhamy\documents\job_search\bestbuy_assignment\coinjartest\bin\debug\coinjartest.dll" id="2d16f1a3-ac37-3907-c612-cc1ee62414b4">
      <Execution id="f554bf57-ecdc-45ae-bc36-94e39e2fd8cd" />
      <TestMethod codeBase="C:/Users/ParhamY/Documents/Job_Search/BestBuy_Assignment/CoinJarTest/bin/Debug/CoinJarTest.DLL" adapterTypeName="Microsoft.VisualStudio.TestTools.TestTypes.Unit.UnitTestAdapter, Microsoft.VisualStudio.QualityTools.Tips.UnitTest.Adapter, Version=10.0.0.0, Culture=neutral, PublicKeyToken=b03f5f7f11d50a3a" className="CoinJarTest.UnitTest, CoinJarTest, Version=1.0.0.0, Culture=neutral, PublicKeyToken=null" name="AddCoinToJar" />
    </UnitTest>
  </TestDefinitions>
  <TestLists>
    <TestList name="Results Not in a List" id="8c84fa94-04c1-424b-9868-57a2d4851a1d" />
    <TestList name="All Loaded Results" id="19431567-8539-422a-85d7-44ee4e166bda" />
  </TestLists>
  <TestEntries>
    <TestEntry testId="b6365fc0-90ec-cd03-9b8b-e1ca87379a50" executionId="ba6362f1-5396-4659-b7c7-3ab6a55b2361" testListId="8c84fa94-04c1-424b-9868-57a2d4851a1d" />
    <TestEntry testId="70da71f8-3699-dd7b-7c94-f7593451ca46" executionId="0efb2198-0176-4d75-b395-7bc577c7e6a3" testListId="8c84fa94-04c1-424b-9868-57a2d4851a1d" />
    <TestEntry testId="2d16f1a3-ac37-3907-c612-cc1ee62414b4" executionId="f554bf57-ecdc-45ae-bc36-94e39e2fd8cd" testListId="8c84fa94-04c1-424b-9868-57a2d4851a1d" />
    <TestEntry testId="fdab0070-46c5-3838-6e89-3169a59b9c6d" executionId="18e1252e-a39f-4870-80a7-458163263d14" testListId="8c84fa94-04c1-424b-9868-57a2d4851a1d" />
    <TestEntry testId="6067e9fe-9137-9320-a850-eeb7a29985b7" executionId="517e9c34-a6df-4ba4-b7ba-f94bb4cb5ad4" testListId="8c84fa94-04c1-424b-9868-57a2d4851a1d" />
  </TestEntries>
  <Results>
    <UnitTestResult executionId="ba6362f1-5396-4659-b7c7-3ab6a55b2361" testId="b6365fc0-90ec-cd03-9b8b-e1ca87379a50" testName="CreateANewUSCoin" computerName="LAPTOP3" duration="00:00:00.0198541" startTime="2015-07-27T06:08:15.7987380-07:00" endTime="2015-07-27T06:08:19.6279570-07:00" testType="13cdc9d9-ddb5-4fa4-a97d-d965ccfc6d4b" outcome="Passed" testListId="8c84fa94-04c1-424b-9868-57a2d4851a1d" relativeResultsDirectory="ba6362f1-5396-4659-b7c7-3ab6a55b2361">
    </UnitTestResult>
    <UnitTestResult executionId="0efb2198-0176-4d75-b395-7bc577c7e6a3" testId="70da71f8-3699-dd7b-7c94-f7593451ca46" testName="CreateListOfCoins" computerName="LAPTOP3" duration="00:00:00.0012301" startTime="2015-07-27T06:08:19.6549586-07:00" endTime="2015-07-27T06:08:19.6659592-07:00" testType="13cdc9d9-ddb5-4fa4-a97d-d965ccfc6d4b" outcome="Passed" testListId="8c84fa94-04c1-424b-9868-57a2d4851a1d" relativeResultsDirectory="0efb2198-0176-4d75-b395-7bc577c7e6a3">
    </UnitTestResult>
    <UnitTestResult executionId="f554bf57-ecdc-45ae-bc36-94e39e2fd8cd" testId="2d16f1a3-ac37-3907-c612-cc1ee62414b4" testName="AddCoinToJar" computerName="LAPTOP3" duration="00:00:00.0024054" startTime="2015-07-27T06:08:19.6869604-07:00" endTime="2015-07-27T06:08:19.7049614-07:00" testType="13cdc9d9-ddb5-4fa4-a97d-d965ccfc6d4b" outcome="Passed" testListId="8c84fa94-04c1-424b-9868-57a2d4851a1d" relativeResultsDirectory="f554bf57-ecdc-45ae-bc36-94e39e2fd8cd">
    </UnitTestResult>
    <UnitTestResult executionId="18e1252e-a39f-4870-80a7-458163263d14" testId="fdab0070-46c5-3838-6e89-3169a59b9c6d" testName="ResetACoinJar" computerName="LAPTOP3" duration="00:00:00.0005013" startTime="2015-07-27T06:08:19.7249626-07:00" endTime="2015-07-27T06:08:19.7409635-07:00" testType="13cdc9d9-ddb5-4fa4-a97d-d965ccfc6d4b" outcome="Passed" testListId="8c84fa94-04c1-424b-9868-57a2d4851a1d" relativeResultsDirectory="18e1252e-a39f-4870-80a7-458163263d14">
    </UnitTestResult>
    <UnitTestResult executionId="517e9c34-a6df-4ba4-b7ba-f94bb4cb5ad4" testId="6067e9fe-9137-9320-a850-eeb7a29985b7" testName="AddOverflowCoin" computerName="LAPTOP3" duration="00:00:00.0313856" startTime="2015-07-27T06:08:19.7579644-07:00" endTime="2015-07-27T06:08:19.7979667-07:00" testType="13cdc9d9-ddb5-4fa4-a97d-d965ccfc6d4b" outcome="Passed" testListId="8c84fa94-04c1-424b-9868-57a2d4851a1d" relativeResultsDirectory="517e9c34-a6df-4ba4-b7ba-f94bb4cb5ad4">
    </UnitTestResult>
  </Results>
</TestRun>