<?xml version="1.0" encoding="UTF-8"?>
<TestRun id="e006d58d-5f53-475e-8757-dc8a27a5a3ff" name="ParhamY@LAPTOP3 2015-07-27 05:57:39" runUser="ALBORZ\ParhamY" xmlns="http://microsoft.com/schemas/VisualStudio/TeamTest/2010">
  <TestSettings name="Local" id="f2d593d6-4981-4878-a9ea-b367304a7f06">
    <Description>These are default test settings for a local test run.</Description>
    <Deployment enabled="false" runDeploymentRoot="ParhamY_LAPTOP3 2015-07-27 05_57_39">
      <DeploymentItem filename="C:\Users\ParhamY\Documents\Job_Search\BestBuy_Assignment\CoinJar\bin\CoinJar.dll" />
    </Deployment>
    <Execution>
      <TestTypeSpecific />
      <AgentRule name="Execution Agents">
      </AgentRule>
    </Execution>
  </TestSettings>
  <Times creation="2015-07-27T05:57:39.7523582-07:00" queuing="2015-07-27T05:57:42.3945093-07:00" start="2015-07-27T05:57:42.6695251-07:00" finish="2015-07-27T06:00:18.6334457-07:00" />
  <ResultSummary outcome="Error">
    <Counters total="5" executed="5" passed="4" error="0" failed="0" timeout="0" aborted="1" inconclusive="0" passedButRunAborted="0" notRunnable="0" notExecuted="0" disconnected="0" warning="0" completed="0" inProgress="0" pending="0" />
    <RunInfos>
      <RunInfo computerName="LAPTOP3" outcome="Error" timestamp="2015-07-27T06:00:18.5444406-07:00">
        <Text>Test host process exited unexpectedly.</Text>
      </RunInfo>
    </RunInfos>
  </ResultSummary>
  <TestDefinitions>
    <UnitTest name="CreateANewUSCoin" storage="c:\users\parhamy\documents\job_search\bestbuy_assignment\coinjartest\bin\debug\coinjartest.dll" id="b6365fc0-90ec-cd03-9b8b-e1ca87379a50">
      <Execution id="d9d5feb0-74ec-479c-a3b8-836c13d71e9c" />
      <TestMethod codeBase="C:/Users/ParhamY/Documents/Job_Search/BestBuy_Assignment/CoinJarTest/bin/Debug/CoinJarTest.DLL" adapterTypeName="Microsoft.VisualStudio.TestTools.TestTypes.Unit.UnitTestAdapter, Microsoft.VisualStudio.QualityTools.Tips.UnitTest.Adapter, Version=10.0.0.0, Culture=neutral, PublicKeyToken=b03f5f7f11d50a3a" className="CoinJarTest.UnitTest, CoinJarTest, Version=1.0.0.0, Culture=neutral, PublicKeyToken=null" name="CreateANewUSCoin" />
    </UnitTest>
    <UnitTest name="CreateListOfCoins" storage="c:\users\parhamy\documents\job_search\bestbuy_assignment\coinjartest\bin\debug\coinjartest.dll" id="70da71f8-3699-dd7b-7c94-f7593451ca46">
      <Execution id="a7c561ef-b034-4eae-a8b5-3c47427a79fd" />
      <TestMethod codeBase="C:/Users/ParhamY/Documents/Job_Search/BestBuy_Assignment/CoinJarTest/bin/Debug/CoinJarTest.DLL" adapterTypeName="Microsoft.VisualStudio.TestTools.TestTypes.Unit.UnitTestAdapter, Microsoft.VisualStudio.QualityTools.Tips.UnitTest.Adapter, Version=10.0.0.0, Culture=neutral, PublicKeyToken=b03f5f7f11d50a3a" className="CoinJarTest.UnitTest, CoinJarTest, Version=1.0.0.0, Culture=neutral, PublicKeyToken=null" name="CreateListOfCoins" />
    </UnitTest>
    <UnitTest name="AddOverflowCoin" storage="c:\users\parhamy\documents\job_search\bestbuy_assignment\coinjartest\bin\debug\coinjartest.dll" id="6067e9fe-9137-9320-a850-eeb7a29985b7">
      <Execution id="9e3f0da7-b226-49a3-b10d-717abdfbe03a" />
      <TestMethod codeBase="C:/Users/ParhamY/Documents/Job_Search/BestBuy_Assignment/CoinJarTest/bin/Debug/CoinJarTest.DLL" adapterTypeName="Microsoft.VisualStudio.TestTools.TestTypes.Unit.UnitTestAdapter, Microsoft.VisualStudio.QualityTools.Tips.UnitTest.Adapter, Version=10.0.0.0, Culture=neutral, PublicKeyToken=b03f5f7f11d50a3a" className="CoinJarTest.UnitTest, CoinJarTest, Version=1.0.0.0, Culture=neutral, PublicKeyToken=null" name="AddOverflowCoin" />
    </UnitTest>
    <UnitTest name="ResetACoinJar" storage="c:\users\parhamy\documents\job_search\bestbuy_assignment\coinjartest\bin\debug\coinjartest.dll" id="fdab0070-46c5-3838-6e89-3169a59b9c6d">
      <Execution id="f04d0495-dca5-417b-a370-0f914bf26db5" />
      <TestMethod codeBase="C:/Users/ParhamY/Documents/Job_Search/BestBuy_Assignment/CoinJarTest/bin/Debug/CoinJarTest.DLL" adapterTypeName="Microsoft.VisualStudio.TestTools.TestTypes.Unit.UnitTestAdapter, Microsoft.VisualStudio.QualityTools.Tips.UnitTest.Adapter, Version=10.0.0.0, Culture=neutral, PublicKeyToken=b03f5f7f11d50a3a" className="CoinJarTest.UnitTest, CoinJarTest, Version=1.0.0.0, Culture=neutral, PublicKeyToken=null" name="ResetACoinJar" />
    </UnitTest>
    <UnitTest name="AddCoinToJar" storage="c:\users\parhamy\documents\job_search\bestbuy_assignment\coinjartest\bin\debug\coinjartest.dll" id="2d16f1a3-ac37-3907-c612-cc1ee62414b4">
      <Execution id="a1dda4bd-7bef-41b0-ad56-9c23a5d7acd5" />
      <TestMethod codeBase="C:/Users/ParhamY/Documents/Job_Search/BestBuy_Assignment/CoinJarTest/bin/Debug/CoinJarTest.DLL" adapterTypeName="Microsoft.VisualStudio.TestTools.TestTypes.Unit.UnitTestAdapter, Microsoft.VisualStudio.QualityTools.Tips.UnitTest.Adapter, Version=10.0.0.0, Culture=neutral, PublicKeyToken=b03f5f7f11d50a3a" className="CoinJarTest.UnitTest, CoinJarTest, Version=1.0.0.0, Culture=neutral, PublicKeyToken=null" name="AddCoinToJar" />
    </UnitTest>
  </TestDefinitions>
  <TestLists>
    <TestList name="Results Not in a List" id="8c84fa94-04c1-424b-9868-57a2d4851a1d" />
    <TestList name="All Loaded Results" id="19431567-8539-422a-85d7-44ee4e166bda" />
  </TestLists>
  <TestEntries>
    <TestEntry testId="b6365fc0-90ec-cd03-9b8b-e1ca87379a50" executionId="d9d5feb0-74ec-479c-a3b8-836c13d71e9c" testListId="8c84fa94-04c1-424b-9868-57a2d4851a1d" />
    <TestEntry testId="70da71f8-3699-dd7b-7c94-f7593451ca46" executionId="a7c561ef-b034-4eae-a8b5-3c47427a79fd" testListId="8c84fa94-04c1-424b-9868-57a2d4851a1d" />
    <TestEntry testId="2d16f1a3-ac37-3907-c612-cc1ee62414b4" executionId="a1dda4bd-7bef-41b0-ad56-9c23a5d7acd5" testListId="8c84fa94-04c1-424b-9868-57a2d4851a1d" />
    <TestEntry testId="fdab0070-46c5-3838-6e89-3169a59b9c6d" executionId="f04d0495-dca5-417b-a370-0f914bf26db5" testListId="8c84fa94-04c1-424b-9868-57a2d4851a1d" />
    <TestEntry testId="6067e9fe-9137-9320-a850-eeb7a29985b7" executionId="9e3f0da7-b226-49a3-b10d-717abdfbe03a" testListId="8c84fa94-04c1-424b-9868-57a2d4851a1d" />
  </TestEntries>
  <Results>
    <UnitTestResult executionId="d9d5feb0-74ec-479c-a3b8-836c13d71e9c" testId="b6365fc0-90ec-cd03-9b8b-e1ca87379a50" testName="CreateANewUSCoin" computerName="LAPTOP3" duration="00:00:00.0194858" startTime="2015-07-27T05:57:42.8925378-07:00" endTime="2015-07-27T05:57:46.7777601-07:00" testType="13cdc9d9-ddb5-4fa4-a97d-d965ccfc6d4b" outcome="Passed" testListId="8c84fa94-04c1-424b-9868-57a2d4851a1d" relativeResultsDirectory="d9d5feb0-74ec-479c-a3b8-836c13d71e9c">
    </UnitTestResult>
    <UnitTestResult executionId="a7c561ef-b034-4eae-a8b5-3c47427a79fd" testId="70da71f8-3699-dd7b-7c94-f7593451ca46" testName="CreateListOfCoins" computerName="LAPTOP3" duration="00:00:00.0012425" startTime="2015-07-27T05:57:46.7997613-07:00" endTime="2015-07-27T05:57:46.8107619-07:00" testType="13cdc9d9-ddb5-4fa4-a97d-d965ccfc6d4b" outcome="Passed" testListId="8c84fa94-04c1-424b-9868-57a2d4851a1d" relativeResultsDirectory="a7c561ef-b034-4eae-a8b5-3c47427a79fd">
    </UnitTestResult>
    <UnitTestResult executionId="a1dda4bd-7bef-41b0-ad56-9c23a5d7acd5" testId="2d16f1a3-ac37-3907-c612-cc1ee62414b4" testName="AddCoinToJar" computerName="LAPTOP3" duration="00:00:00.0023350" startTime="2015-07-27T05:57:46.8397636-07:00" endTime="2015-07-27T05:57:46.8497642-07:00" testType="13cdc9d9-ddb5-4fa4-a97d-d965ccfc6d4b" outcome="Passed" testListId="8c84fa94-04c1-424b-9868-57a2d4851a1d" relativeResultsDirectory="a1dda4bd-7bef-41b0-ad56-9c23a5d7acd5">
    </UnitTestResult>
    <UnitTestResult executionId="f04d0495-dca5-417b-a370-0f914bf26db5" testId="fdab0070-46c5-3838-6e89-3169a59b9c6d" testName="ResetACoinJar" computerName="LAPTOP3" duration="00:00:00.0003600" startTime="2015-07-27T05:57:46.8707654-07:00" endTime="2015-07-27T05:57:46.8807659-07:00" testType="13cdc9d9-ddb5-4fa4-a97d-d965ccfc6d4b" outcome="Passed" testListId="8c84fa94-04c1-424b-9868-57a2d4851a1d" relativeResultsDirectory="f04d0495-dca5-417b-a370-0f914bf26db5">
    </UnitTestResult>
    <UnitTestResult executionId="9e3f0da7-b226-49a3-b10d-717abdfbe03a" testId="6067e9fe-9137-9320-a850-eeb7a29985b7" testName="AddOverflowCoin" computerName="LAPTOP3" duration="00:02:31.7336786" startTime="2015-07-27T05:57:46.8987670-07:00" endTime="2015-07-27T06:00:18.6324456-07:00" testType="13cdc9d9-ddb5-4fa4-a97d-d965ccfc6d4b" outcome="Aborted" testListId="8c84fa94-04c1-424b-9868-57a2d4851a1d" relativeResultsDirectory="9e3f0da7-b226-49a3-b10d-717abdfbe03a">
    </UnitTestResult>
  </Results>
</TestRun>