<?xml version="1.0" encoding="UTF-8"?>
<TestRun id="1f60cf01-7cc0-4964-a0d7-aa633e5b5a83" name="ParhamY@LAPTOP3 2015-07-27 05:45:52" runUser="ALBORZ\ParhamY" xmlns="http://microsoft.com/schemas/VisualStudio/TeamTest/2010">
  <TestSettings name="Local" id="f2d593d6-4981-4878-a9ea-b367304a7f06">
    <Description>These are default test settings for a local test run.</Description>
    <Deployment enabled="false" runDeploymentRoot="ParhamY_LAPTOP3 2015-07-27 05_45_52">
      <DeploymentItem filename="C:\Users\ParhamY\Documents\Job_Search\BestBuy_Assignment\CoinJar\bin\CoinJar.dll" />
    </Deployment>
    <Execution>
      <TestTypeSpecific />
      <AgentRule name="Execution Agents">
      </AgentRule>
    </Execution>
  </TestSettings>
  <Times creation="2015-07-27T05:45:52.4719041-07:00" queuing="2015-07-27T05:45:55.2430626-07:00" start="2015-07-27T05:45:55.4050719-07:00" finish="2015-07-27T05:46:00.5133640-07:00" />
  <ResultSummary outcome="Completed">
    <Counters total="4" executed="4" passed="4" error="0" failed="0" timeout="0" aborted="0" inconclusive="0" passedButRunAborted="0" notRunnable="0" notExecuted="0" disconnected="0" warning="0" completed="0" inProgress="0" pending="0" />
  </ResultSummary>
  <TestDefinitions>
    <UnitTest name="CreateANewUSCoin" storage="c:\users\parhamy\documents\job_search\bestbuy_assignment\coinjartest\bin\debug\coinjartest.dll" id="b6365fc0-90ec-cd03-9b8b-e1ca87379a50">
      <Execution id="48a80b9d-71e1-4e91-bd5b-aec91806ff66" />
      <TestMethod codeBase="C:/Users/ParhamY/Documents/Job_Search/BestBuy_Assignment/CoinJarTest/bin/Debug/CoinJarTest.DLL" adapterTypeName="Microsoft.VisualStudio.TestTools.TestTypes.Unit.UnitTestAdapter, Microsoft.VisualStudio.QualityTools.Tips.UnitTest.Adapter, Version=10.0.0.0, Culture=neutral, PublicKeyToken=b03f5f7f11d50a3a" className="CoinJarTest.UnitTest, CoinJarTest, Version=1.0.0.0, Culture=neutral, PublicKeyToken=null" name="CreateANewUSCoin" />
    </UnitTest>
    <UnitTest name="CreateListOfCoins" storage="c:\users\parhamy\documents\job_search\bestbuy_assignment\coinjartest\bin\debug\coinjartest.dll" id="70da71f8-3699-dd7b-7c94-f7593451ca46">
      <Execution id="d3a9ec2d-2064-4d6e-867e-0427785e9cab" />
      <TestMethod codeBase="C:/Users/ParhamY/Documents/Job_Search/BestBuy_Assignment/CoinJarTest/bin/Debug/CoinJarTest.DLL" adapterTypeName="Microsoft.VisualStudio.TestTools.TestTypes.Unit.UnitTestAdapter, Microsoft.VisualStudio.QualityTools.Tips.UnitTest.Adapter, Version=10.0.0.0, Culture=neutral, PublicKeyToken=b03f5f7f11d50a3a" className="CoinJarTest.UnitTest, CoinJarTest, Version=1.0.0.0, Culture=neutral, PublicKeyToken=null" name="CreateListOfCoins" />
    </UnitTest>
    <UnitTest name="ResetACoinJar" storage="c:\users\parhamy\documents\job_search\bestbuy_assignment\coinjartest\bin\debug\coinjartest.dll" id="fdab0070-46c5-3838-6e89-3169a59b9c6d">
      <Execution id="c2954c24-84c2-4779-bca1-3f06b97cae1d" />
      <TestMethod codeBase="C:/Users/ParhamY/Documents/Job_Search/BestBuy_Assignment/CoinJarTest/bin/Debug/CoinJarTest.DLL" adapterTypeName="Microsoft.VisualStudio.TestTools.TestTypes.Unit.UnitTestAdapter, Microsoft.VisualStudio.QualityTools.Tips.UnitTest.Adapter, Version=10.0.0.0, Culture=neutral, PublicKeyToken=b03f5f7f11d50a3a" className="CoinJarTest.UnitTest, CoinJarTest, Version=1.0.0.0, Culture=neutral, PublicKeyToken=null" name="ResetACoinJar" />
    </UnitTest>
    <UnitTest name="AddCoinToJar" storage="c:\users\parhamy\documents\job_search\bestbuy_assignment\coinjartest\bin\debug\coinjartest.dll" id="2d16f1a3-ac37-3907-c612-cc1ee62414b4">
      <Execution id="340c48fa-dfa6-4366-9b25-e49dd3224c09" />
      <TestMethod codeBase="C:/Users/ParhamY/Documents/Job_Search/BestBuy_Assignment/CoinJarTest/bin/Debug/CoinJarTest.DLL" adapterTypeName="Microsoft.VisualStudio.TestTools.TestTypes.Unit.UnitTestAdapter, Microsoft.VisualStudio.QualityTools.Tips.UnitTest.Adapter, Version=10.0.0.0, Culture=neutral, PublicKeyToken=b03f5f7f11d50a3a" className="CoinJarTest.UnitTest, CoinJarTest, Version=1.0.0.0, Culture=neutral, PublicKeyToken=null" name="AddCoinToJar" />
    </UnitTest>
  </TestDefinitions>
  <TestLists>
    <TestList name="Results Not in a List" id="8c84fa94-04c1-424b-9868-57a2d4851a1d" />
    <TestList name="All Loaded Results" id="19431567-8539-422a-85d7-44ee4e166bda" />
  </TestLists>
  <TestEntries>
    <TestEntry testId="b6365fc0-90ec-cd03-9b8b-e1ca87379a50" executionId="48a80b9d-71e1-4e91-bd5b-aec91806ff66" testListId="8c84fa94-04c1-424b-9868-57a2d4851a1d" />
    <TestEntry testId="70da71f8-3699-dd7b-7c94-f7593451ca46" executionId="d3a9ec2d-2064-4d6e-867e-0427785e9cab" testListId="8c84fa94-04c1-424b-9868-57a2d4851a1d" />
    <TestEntry testId="2d16f1a3-ac37-3907-c612-cc1ee62414b4" executionId="340c48fa-dfa6-4366-9b25-e49dd3224c09" testListId="8c84fa94-04c1-424b-9868-57a2d4851a1d" />
    <TestEntry testId="fdab0070-46c5-3838-6e89-3169a59b9c6d" executionId="c2954c24-84c2-4779-bca1-3f06b97cae1d" testListId="8c84fa94-04c1-424b-9868-57a2d4851a1d" />
  </TestEntries>
  <Results>
    <UnitTestResult executionId="48a80b9d-71e1-4e91-bd5b-aec91806ff66" testId="b6365fc0-90ec-cd03-9b8b-e1ca87379a50" testName="CreateANewUSCoin" computerName="LAPTOP3" duration="00:00:00.0417100" startTime="2015-07-27T05:45:55.5340792-07:00" endTime="2015-07-27T05:46:00.2463488-07:00" testType="13cdc9d9-ddb5-4fa4-a97d-d965ccfc6d4b" outcome="Passed" testListId="8c84fa94-04c1-424b-9868-57a2d4851a1d" relativeResultsDirectory="48a80b9d-71e1-4e91-bd5b-aec91806ff66">
    </UnitTestResult>
    <UnitTestResult executionId="d3a9ec2d-2064-4d6e-867e-0427785e9cab" testId="70da71f8-3699-dd7b-7c94-f7593451ca46" testName="CreateListOfCoins" computerName="LAPTOP3" duration="00:00:00.0013092" startTime="2015-07-27T05:46:00.2783506-07:00" endTime="2015-07-27T05:46:00.2923514-07:00" testType="13cdc9d9-ddb5-4fa4-a97d-d965ccfc6d4b" outcome="Passed" testListId="8c84fa94-04c1-424b-9868-57a2d4851a1d" relativeResultsDirectory="d3a9ec2d-2064-4d6e-867e-0427785e9cab">
    </UnitTestResult>
    <UnitTestResult executionId="340c48fa-dfa6-4366-9b25-e49dd3224c09" testId="2d16f1a3-ac37-3907-c612-cc1ee62414b4" testName="AddCoinToJar" computerName="LAPTOP3" duration="00:00:00.0023263" startTime="2015-07-27T05:46:00.3653556-07:00" endTime="2015-07-27T05:46:00.3833566-07:00" testType="13cdc9d9-ddb5-4fa4-a97d-d965ccfc6d4b" outcome="Passed" testListId="8c84fa94-04c1-424b-9868-57a2d4851a1d" relativeResultsDirectory="340c48fa-dfa6-4366-9b25-e49dd3224c09">
    </UnitTestResult>
    <UnitTestResult executionId="c2954c24-84c2-4779-bca1-3f06b97cae1d" testId="fdab0070-46c5-3838-6e89-3169a59b9c6d" testName="ResetACoinJar" computerName="LAPTOP3" duration="00:00:00.0004032" startTime="2015-07-27T05:46:00.3973574-07:00" endTime="2015-07-27T05:46:00.4063579-07:00" testType="13cdc9d9-ddb5-4fa4-a97d-d965ccfc6d4b" outcome="Passed" testListId="8c84fa94-04c1-424b-9868-57a2d4851a1d" relativeResultsDirectory="c2954c24-84c2-4779-bca1-3f06b97cae1d">
    </UnitTestResult>
  </Results>
</TestRun>