<?xml version="1.0" encoding="UTF-8"?>
<TestRun id="4e5f0965-266c-4a6e-b3f7-08ab99f81bb2" name="ParhamY@LAPTOP3 2015-07-27 06:03:10" runUser="ALBORZ\ParhamY" xmlns="http://microsoft.com/schemas/VisualStudio/TeamTest/2010">
  <TestSettings name="Local" id="f2d593d6-4981-4878-a9ea-b367304a7f06">
    <Description>These are default test settings for a local test run.</Description>
    <Deployment enabled="false" runDeploymentRoot="ParhamY_LAPTOP3 2015-07-27 06_03_10">
      <DeploymentItem filename="C:\Users\ParhamY\Documents\Job_Search\BestBuy_Assignment\CoinJar\bin\CoinJar.dll" />
    </Deployment>
    <Execution>
      <TestTypeSpecific />
      <AgentRule name="Execution Agents">
      </AgentRule>
    </Execution>
  </TestSettings>
  <Times creation="2015-07-27T06:03:10.3312663-07:00" queuing="2015-07-27T06:03:12.8694114-07:00" start="2015-07-27T06:03:13.1484274-07:00" finish="2015-07-27T06:03:17.3316667-07:00" />
  <ResultSummary outcome="Completed">
    <Counters total="5" executed="5" passed="5" error="0" failed="0" timeout="0" aborted="0" inconclusive="0" passedButRunAborted="0" notRunnable="0" notExecuted="0" disconnected="0" warning="0" completed="0" inProgress="0" pending="0" />
  </ResultSummary>
  <TestDefinitions>
    <UnitTest name="CreateANewUSCoin" storage="c:\users\parhamy\documents\job_search\bestbuy_assignment\coinjartest\bin\debug\coinjartest.dll" id="b6365fc0-90ec-cd03-9b8b-e1ca87379a50">
      <Execution id="e63617f1-a5c2-427d-9cf2-9c69c2f91d2f" />
      <TestMethod codeBase="C:/Users/ParhamY/Documents/Job_Search/BestBuy_Assignment/CoinJarTest/bin/Debug/CoinJarTest.DLL" adapterTypeName="Microsoft.VisualStudio.TestTools.TestTypes.Unit.UnitTestAdapter, Microsoft.VisualStudio.QualityTools.Tips.UnitTest.Adapter, Version=10.0.0.0, Culture=neutral, PublicKeyToken=b03f5f7f11d50a3a" className="CoinJarTest.UnitTest, CoinJarTest, Version=1.0.0.0, Culture=neutral, PublicKeyToken=null" name="CreateANewUSCoin" />
    </UnitTest>
    <UnitTest name="CreateListOfCoins" storage="c:\users\parhamy\documents\job_search\bestbuy_assignment\coinjartest\bin\debug\coinjartest.dll" id="70da71f8-3699-dd7b-7c94-f7593451ca46">
      <Execution id="d13095b5-7244-499d-9ccd-f9ed04f2601c" />
      <TestMethod codeBase="C:/Users/ParhamY/Documents/Job_Search/BestBuy_Assignment/CoinJarTest/bin/Debug/CoinJarTest.DLL" adapterTypeName="Microsoft.VisualStudio.TestTools.TestTypes.Unit.UnitTestAdapter, Microsoft.VisualStudio.QualityTools.Tips.UnitTest.Adapter, Version=10.0.0.0, Culture=neutral, PublicKeyToken=b03f5f7f11d50a3a" className="CoinJarTest.UnitTest, CoinJarTest, Version=1.0.0.0, Culture=neutral, PublicKeyToken=null" name="CreateListOfCoins" />
    </UnitTest>
    <UnitTest name="AddOverflowCoin" storage="c:\users\parhamy\documents\job_search\bestbuy_assignment\coinjartest\bin\debug\coinjartest.dll" id="6067e9fe-9137-9320-a850-eeb7a29985b7">
      <Execution id="abd54a4e-1975-4757-9ff9-4e1a7c98d861" />
      <TestMethod codeBase="C:/Users/ParhamY/Documents/Job_Search/BestBuy_Assignment/CoinJarTest/bin/Debug/CoinJarTest.DLL" adapterTypeName="Microsoft.VisualStudio.TestTools.TestTypes.Unit.UnitTestAdapter, Microsoft.VisualStudio.QualityTools.Tips.UnitTest.Adapter, Version=10.0.0.0, Culture=neutral, PublicKeyToken=b03f5f7f11d50a3a" className="CoinJarTest.UnitTest, CoinJarTest, Version=1.0.0.0, Culture=neutral, PublicKeyToken=null" name="AddOverflowCoin" />
    </UnitTest>
    <UnitTest name="ResetACoinJar" storage="c:\users\parhamy\documents\job_search\bestbuy_assignment\coinjartest\bin\debug\coinjartest.dll" id="fdab0070-46c5-3838-6e89-3169a59b9c6d">
      <Execution id="3abd5eb6-2e75-4e72-9bff-f8863e3ea4b6" />
      <TestMethod codeBase="C:/Users/ParhamY/Documents/Job_Search/BestBuy_Assignment/CoinJarTest/bin/Debug/CoinJarTest.DLL" adapterTypeName="Microsoft.VisualStudio.TestTools.TestTypes.Unit.UnitTestAdapter, Microsoft.VisualStudio.QualityTools.Tips.UnitTest.Adapter, Version=10.0.0.0, Culture=neutral, PublicKeyToken=b03f5f7f11d50a3a" className="CoinJarTest.UnitTest, CoinJarTest, Version=1.0.0.0, Culture=neutral, PublicKeyToken=null" name="ResetACoinJar" />
    </UnitTest>
    <UnitTest name="AddCoinToJar" storage="c:\users\parhamy\documents\job_search\bestbuy_assignment\coinjartest\bin\debug\coinjartest.dll" id="2d16f1a3-ac37-3907-c612-cc1ee62414b4">
      <Execution id="2c48d951-e055-4ff6-bd24-3b900d16e4c5" />
      <TestMethod codeBase="C:/Users/ParhamY/Documents/Job_Search/BestBuy_Assignment/CoinJarTest/bin/Debug/CoinJarTest.DLL" adapterTypeName="Microsoft.VisualStudio.TestTools.TestTypes.Unit.UnitTestAdapter, Microsoft.VisualStudio.QualityTools.Tips.UnitTest.Adapter, Version=10.0.0.0, Culture=neutral, PublicKeyToken=b03f5f7f11d50a3a" className="CoinJarTest.UnitTest, CoinJarTest, Version=1.0.0.0, Culture=neutral, PublicKeyToken=null" name="AddCoinToJar" />
    </UnitTest>
  </TestDefinitions>
  <TestLists>
    <TestList name="Results Not in a List" id="8c84fa94-04c1-424b-9868-57a2d4851a1d" />
    <TestList name="All Loaded Results" id="19431567-8539-422a-85d7-44ee4e166bda" />
  </TestLists>
  <TestEntries>
    <TestEntry testId="b6365fc0-90ec-cd03-9b8b-e1ca87379a50" executionId="e63617f1-a5c2-427d-9cf2-9c69c2f91d2f" testListId="8c84fa94-04c1-424b-9868-57a2d4851a1d" />
    <TestEntry testId="70da71f8-3699-dd7b-7c94-f7593451ca46" executionId="d13095b5-7244-499d-9ccd-f9ed04f2601c" testListId="8c84fa94-04c1-424b-9868-57a2d4851a1d" />
    <TestEntry testId="2d16f1a3-ac37-3907-c612-cc1ee62414b4" executionId="2c48d951-e055-4ff6-bd24-3b900d16e4c5" testListId="8c84fa94-04c1-424b-9868-57a2d4851a1d" />
    <TestEntry testId="fdab0070-46c5-3838-6e89-3169a59b9c6d" executionId="3abd5eb6-2e75-4e72-9bff-f8863e3ea4b6" testListId="8c84fa94-04c1-424b-9868-57a2d4851a1d" />
    <TestEntry testId="6067e9fe-9137-9320-a850-eeb7a29985b7" executionId="abd54a4e-1975-4757-9ff9-4e1a7c98d861" testListId="8c84fa94-04c1-424b-9868-57a2d4851a1d" />
  </TestEntries>
  <Results>
    <UnitTestResult executionId="e63617f1-a5c2-427d-9cf2-9c69c2f91d2f" testId="b6365fc0-90ec-cd03-9b8b-e1ca87379a50" testName="CreateANewUSCoin" computerName="LAPTOP3" duration="00:00:00.0244914" startTime="2015-07-27T06:03:13.3114367-07:00" endTime="2015-07-27T06:03:17.0416501-07:00" testType="13cdc9d9-ddb5-4fa4-a97d-d965ccfc6d4b" outcome="Passed" testListId="8c84fa94-04c1-424b-9868-57a2d4851a1d" relativeResultsDirectory="e63617f1-a5c2-427d-9cf2-9c69c2f91d2f">
    </UnitTestResult>
    <UnitTestResult executionId="d13095b5-7244-499d-9ccd-f9ed04f2601c" testId="70da71f8-3699-dd7b-7c94-f7593451ca46" testName="CreateListOfCoins" computerName="LAPTOP3" duration="00:00:00.0066749" startTime="2015-07-27T06:03:17.0936530-07:00" endTime="2015-07-27T06:03:17.1316552-07:00" testType="13cdc9d9-ddb5-4fa4-a97d-d965ccfc6d4b" outcome="Passed" testListId="8c84fa94-04c1-424b-9868-57a2d4851a1d" relativeResultsDirectory="d13095b5-7244-499d-9ccd-f9ed04f2601c">
    </UnitTestResult>
    <UnitTestResult executionId="2c48d951-e055-4ff6-bd24-3b900d16e4c5" testId="2d16f1a3-ac37-3907-c612-cc1ee62414b4" testName="AddCoinToJar" computerName="LAPTOP3" duration="00:00:00.0024398" startTime="2015-07-27T06:03:17.1516564-07:00" endTime="2015-07-27T06:03:17.1626570-07:00" testType="13cdc9d9-ddb5-4fa4-a97d-d965ccfc6d4b" outcome="Passed" testListId="8c84fa94-04c1-424b-9868-57a2d4851a1d" relativeResultsDirectory="2c48d951-e055-4ff6-bd24-3b900d16e4c5">
    </UnitTestResult>
    <UnitTestResult executionId="3abd5eb6-2e75-4e72-9bff-f8863e3ea4b6" testId="fdab0070-46c5-3838-6e89-3169a59b9c6d" testName="ResetACoinJar" computerName="LAPTOP3" duration="00:00:00.0003842" startTime="2015-07-27T06:03:17.1766578-07:00" endTime="2015-07-27T06:03:17.1896585-07:00" testType="13cdc9d9-ddb5-4fa4-a97d-d965ccfc6d4b" outcome="Passed" testListId="8c84fa94-04c1-424b-9868-57a2d4851a1d" relativeResultsDirectory="3abd5eb6-2e75-4e72-9bff-f8863e3ea4b6">
    </UnitTestResult>
    <UnitTestResult executionId="abd54a4e-1975-4757-9ff9-4e1a7c98d861" testId="6067e9fe-9137-9320-a850-eeb7a29985b7" testName="AddOverflowCoin" computerName="LAPTOP3" duration="00:00:00.0330683" startTime="2015-07-27T06:03:17.2056594-07:00" endTime="2015-07-27T06:03:17.2496620-07:00" testType="13cdc9d9-ddb5-4fa4-a97d-d965ccfc6d4b" outcome="Passed" testListId="8c84fa94-04c1-424b-9868-57a2d4851a1d" relativeResultsDirectory="abd54a4e-1975-4757-9ff9-4e1a7c98d861">
    </UnitTestResult>
  </Results>
</TestRun>